<?xml version="1.0" encoding="UTF-8"?>
<testsuite xmlns:xsi="http://www.w3.org/2001/XMLSchema-instance" xsi:noNamespaceSchemaLocation="https://maven.apache.org/surefire/maven-surefire-plugin/xsd/surefire-test-report-3.0.xsd" version="3.0" name="com.dmves.car.core.CarSystemTest" time="4.352" tests="8" errors="0" skipped="0" failures="0">
  <properties>
[...]
</properties>
  <testcase name="testCompleteWorkflow" classname="com.dmves.car.core.CarSystemTest" time="2.081">
    <system-err><![CDATA[SLF4J: Failed to load class "org.slf4j.impl.StaticLoggerBinder".
SLF4J: Defaulting to no-operation (NOP) logger implementation
SLF4J: See http://www.slf4j.org/codes.html#StaticLoggerBinder for further details.
]]></system-err>
  </testcase>
  <testcase name="testCarBoundaryValues" classname="com.dmves.car.core.CarSystemTest" time="0.003"/>
  <testcase name="testCarPathExecution" classname="com.dmves.car.core.CarSystemTest" time="2.016"/>
  <testcase name="testCarMovement" classname="com.dmves.car.core.CarSystemTest" time="0.004"/>
  <testcase name="testCarStatusUpdate" classname="com.dmves.car.core.CarSystemTest" time="0.003"/>
  <testcase name="testCarColor" classname="com.dmves.car.core.CarSystemTest" time="0.002"/>
  <testcase name="testInitialization" classname="com.dmves.car.core.CarSystemTest" time="0.002"/>
  <testcase name="testBlackboardCommunication" classname="com.dmves.car.core.CarSystemTest" time="0.002"/>
</testsuite>